2015-07-02 20:17:32 - Sun_Elevation state updated to -13.07
2015-07-02 20:17:38 - Light_GF_Living_Table state updated to ON
2015-07-02 20:17:38 - Light_GF_Corridor_Ceiling state updated to OFF
2015-07-02 20:17:38 - Light_GF_Kitchen_Ceiling state updated to OFF
2015-07-02 20:17:38 - Light_GF_Kitchen_Table state updated to OFF
2015-07-02 20:17:38 - Light_GF_Corridor_Wardrobe state updated to ON
2015-07-02 20:17:38 - Light_GF_Toilet_Ceiling state updated to OFF
2015-07-02 20:17:38 - Light_GF_Toilet_Mirror state updated to ON
2015-07-02 20:17:38 - Light_FF_Bath_Ceiling state updated to ON
2015-07-02 20:17:38 - Light_FF_Bath_Mirror state updated to OFF
2015-07-02 20:17:38 - Light_FF_Corridor_Ceiling state updated to OFF
2015-07-02 20:17:38 - Light_FF_Office_Ceiling state updated to OFF
2015-07-02 20:17:38 - Light_FF_Child_Ceiling state updated to OFF
2015-07-02 20:17:38 - Light_FF_Bed_Ceiling state updated to OFF
2015-07-02 20:17:38 - Light_C_Corridor_Ceiling state updated to OFF
2015-07-02 20:17:38 - Light_C_Staircase state updated to ON
2015-07-02 20:17:38 - Light_C_Washing_Ceiling state updated to ON
2015-07-02 20:17:38 - Light_C_Workshop state updated to ON
2015-07-02 20:17:38 - Light_Garden_Garage state updated to ON
2015-07-02 20:17:38 - Light_Garden_Terrace state updated to OFF
2015-07-02 20:17:38 - Heating_GF_Corridor state updated to OFF
2015-07-02 20:17:38 - Heating_GF_Toilet state updated to OFF
2015-07-02 20:17:38 - Heating_GF_Living state updated to OFF
2015-07-02 20:17:38 - Heating_GF_Kitchen state updated to OFF
2015-07-02 20:17:38 - Heating_FF_Bath state updated to ON
2015-07-02 20:17:38 - Heating_FF_Office state updated to OFF
2015-07-02 20:17:38 - Heating_FF_Child state updated to OFF
2015-07-02 20:17:38 - Heating_FF_Bed state updated to OFF
2015-07-02 20:17:38 - Temperature_Setpoint state updated to 22
2015-07-02 20:17:38 - Window_GF_Frontdoor state updated to OPEN
2015-07-02 20:17:38 - Window_GF_Kitchen state updated to CLOSED
2015-07-02 20:17:38 - Window_GF_Living state updated to CLOSED
2015-07-02 20:17:38 - Window_GF_Toilet state updated to OPEN
2015-07-02 20:17:38 - Window_FF_Bath state updated to CLOSED
2015-07-02 20:17:38 - Window_FF_Bed state updated to OPEN
2015-07-02 20:17:38 - Window_FF_Office_Window state updated to OPEN
2015-07-02 20:17:38 - Window_FF_Office_Door state updated to CLOSED
2015-07-02 20:17:38 - Garage_Door state updated to OPEN
2015-07-02 20:17:38 - DemoLocation state updated to 52.52°N, 13.40°W, 0.00 m
2015-07-02 20:17:38 - Temperature_GF_Corridor state updated to 18.7
2015-07-02 20:17:38 - Temperature_GF_Toilet state updated to 21.4
2015-07-02 20:17:38 - Temperature_GF_Living state updated to 21.4
2015-07-02 20:17:38 - Temperature_GF_Kitchen state updated to 21.1
2015-07-02 20:17:38 - Temperature_FF_Bath state updated to 22.4
2015-07-02 20:17:38 - Temperature_FF_Office state updated to 21.2
2015-07-02 20:17:38 - Temperature_FF_Child state updated to 21.9
2015-07-02 20:17:38 - Temperature_FF_Bed state updated to 19.4
2015-07-02 20:17:38 - Weather_Temp_Max state updated to 18
2015-07-02 20:17:38 - Weather_Temp_Min state updated to 18
2015-07-02 20:18:32 - Sun_Elevation state updated to -13.03
2015-07-02 20:19:32 - Sun_Elevation state updated to -12.99
2015-07-02 20:19:52 - Light_FF_Bath_Ceiling received command OFF
2015-07-02 20:20:00 - Temperature_GF_Corridor state updated to 22.3
2015-07-02 20:20:00 - Temperature_GF_Toilet state updated to 20.1
2015-07-02 20:20:00 - Temperature_GF_Living state updated to 21.0
2015-07-02 20:20:00 - Temperature_GF_Kitchen state updated to 18.2
2015-07-02 20:20:00 - Temperature_FF_Bath state updated to 20.2
2015-07-02 20:20:00 - Temperature_FF_Office state updated to 17.9
2015-07-02 20:20:00 - Temperature_FF_Child state updated to 18.5
2015-07-02 20:20:00 - Temperature_FF_Bed state updated to 17.8
2015-07-02 20:20:32 - Sun_Elevation state updated to -12.94
